<?xml version="1.0" encoding="UTF-8"?>
<!-- Generated by org.testng.reporters.JUnitXMLReporter -->
<testsuite ignored="1" hostname="DESKTOP-SDFVAD6" failures="0" tests="2" name="Command line test" time="9.575" errors="0" timestamp="2022-10-29T12:32:19 EET">
  <testcase classname="com.Qacart.Todo.testcases.LoginTest" name="shouldbeabletologinwithemailandpassword" time="2.267"/>
  <testcase classname="com.Qacart.Todo.testcases.ToDoTest" name="shouldBeAbleToDelete" time="2.823"/>
  <testcase classname="com.Qacart.Todo.testcases.ToDoTest" name="shouldBeAbleToAddToDo" time="0.0">
    <ignored/>
  </testcase> <!-- shouldBeAbleToAddToDo -->
</testsuite> <!-- Command line test -->
