<?xml version="1.0" encoding="UTF-8"?>
<testng-results ignored="1" total="3" passed="2" failed="0" skipped="0">
  <reporter-output>
  </reporter-output>
  <suite started-at="2022-10-29T12:32:10 EET" name="Command line suite" finished-at="2022-10-29T12:32:19 EET" duration-ms="9575">
    <groups>
    </groups>
    <test started-at="2022-10-29T12:32:10 EET" name="Command line test" finished-at="2022-10-29T12:32:19 EET" duration-ms="9575">
      <class name="com.Qacart.Todo.testcases.ToDoTest">
        <test-method is-config="true" signature="setup()[pri:0, instance:com.Qacart.Todo.testcases.ToDoTest@3ee0fea4]" started-at="2022-10-29T12:32:15 EET" name="setup" finished-at="2022-10-29T12:32:16 EET" duration-ms="1056" status="PASS">
          <reporter-output>
          </reporter-output>
        </test-method> <!-- setup -->
        <test-method signature="shouldBeAbleToDelete()[pri:0, instance:com.Qacart.Todo.testcases.ToDoTest@3ee0fea4]" started-at="2022-10-29T12:32:16 EET" name="shouldBeAbleToDelete" finished-at="2022-10-29T12:32:19 EET" duration-ms="2823" status="PASS">
          <reporter-output>
          </reporter-output>
        </test-method> <!-- shouldBeAbleToDelete -->
        <test-method is-config="true" signature="tearDown()[pri:0, instance:com.Qacart.Todo.testcases.ToDoTest@3ee0fea4]" started-at="2022-10-29T12:32:19 EET" name="tearDown" finished-at="2022-10-29T12:32:19 EET" duration-ms="315" status="PASS">
          <reporter-output>
          </reporter-output>
        </test-method> <!-- tearDown -->
      </class> <!-- com.Qacart.Todo.testcases.ToDoTest -->
      <class name="com.Qacart.Todo.testcases.LoginTest">
        <test-method is-config="true" signature="setup()[pri:0, instance:com.Qacart.Todo.testcases.LoginTest@358c99f5]" started-at="2022-10-29T12:32:10 EET" name="setup" finished-at="2022-10-29T12:32:13 EET" duration-ms="2733" status="PASS">
          <reporter-output>
          </reporter-output>
        </test-method> <!-- setup -->
        <test-method signature="shouldbeabletologinwithemailandpassword()[pri:0, instance:com.Qacart.Todo.testcases.LoginTest@358c99f5]" started-at="2022-10-29T12:32:13 EET" name="shouldbeabletologinwithemailandpassword" finished-at="2022-10-29T12:32:15 EET" duration-ms="2267" status="PASS">
          <reporter-output>
          </reporter-output>
        </test-method> <!-- shouldbeabletologinwithemailandpassword -->
        <test-method is-config="true" signature="tearDown()[pri:0, instance:com.Qacart.Todo.testcases.LoginTest@358c99f5]" started-at="2022-10-29T12:32:15 EET" name="tearDown" finished-at="2022-10-29T12:32:15 EET" duration-ms="331" status="PASS">
          <reporter-output>
          </reporter-output>
        </test-method> <!-- tearDown -->
      </class> <!-- com.Qacart.Todo.testcases.LoginTest -->
    </test> <!-- Command line test -->
  </suite> <!-- Command line suite -->
</testng-results>
